Nov-27 11:40:39.286 [main] DEBUG nextflow.cli.Launcher - $> nextflow run pipeline.nf
Nov-27 11:40:39.412 [main] DEBUG nextflow.cli.CmdRun - N E X T F L O W  ~  version 25.10.0
Nov-27 11:40:39.472 [main] DEBUG nextflow.config.ConfigBuilder - Found config local: /mnt/c/NonStop/genomics/nextflow.config
Nov-27 11:40:39.476 [main] DEBUG nextflow.config.ConfigBuilder - Parsing config file: /mnt/c/NonStop/genomics/nextflow.config
Nov-27 11:40:39.516 [main] DEBUG nextflow.config.ConfigBuilder - Applying config profile: `standard`
Nov-27 11:40:40.130 [main] DEBUG nextflow.plugin.PluginsFacade - Setting up plugin manager > mode=prod; embedded=false; plugins-dir=/home/tabish/.nextflow/plugins; core-plugins: nf-amazon@3.4.1,nf-azure@1.20.2,nf-cloudcache@0.5.0,nf-codecommit@0.5.0,nf-console@1.3.0,nf-google@1.23.3,nf-k8s@1.2.2,nf-tower@1.17.1,nf-wave@1.16.1
Nov-27 11:40:40.211 [main] INFO  o.pf4j.DefaultPluginStatusProvider - Enabled plugins: []
Nov-27 11:40:40.216 [main] INFO  o.pf4j.DefaultPluginStatusProvider - Disabled plugins: []
Nov-27 11:40:40.222 [main] INFO  org.pf4j.DefaultPluginManager - PF4J version 3.12.0 in 'deployment' mode
Nov-27 11:40:40.247 [main] DEBUG nextflow.util.RetryConfig - Missing nextflow session - using default retry config
Nov-27 11:40:40.462 [main] INFO  org.pf4j.AbstractPluginManager - No plugins
Nov-27 11:40:40.464 [main] DEBUG nextflow.plugin.PluginsFacade - Plugins default=[]
Nov-27 11:40:40.465 [main] DEBUG nextflow.plugin.PluginsFacade - Plugins resolved requirement=[]
Nov-27 11:40:40.488 [main] DEBUG n.secret.LocalSecretsProvider - Secrets store: /home/tabish/.nextflow/secrets/store.json
Nov-27 11:40:40.494 [main] DEBUG nextflow.secret.SecretsLoader - Discovered secrets providers: [nextflow.secret.LocalSecretsProvider@2f3166a] - activable => nextflow.secret.LocalSecretsProvider@2f3166a
Nov-27 11:40:40.512 [main] DEBUG nextflow.cli.CmdRun - Applied DSL=2 from script declaration
Nov-27 11:40:40.534 [main] DEBUG nextflow.cli.CmdRun - Launching `pipeline.nf` [golden_rutherford] DSL2 - revision: 79bf6f6891
Nov-27 11:40:40.603 [main] DEBUG nextflow.Session - Session UUID: 6f7d0e66-8e50-422d-8584-24c39c9d1e63
Nov-27 11:40:40.605 [main] DEBUG nextflow.Session - Run name: golden_rutherford
Nov-27 11:40:40.606 [main] DEBUG nextflow.Session - Executor pool size: 12
Nov-27 11:40:40.616 [main] DEBUG nextflow.file.FilePorter - File porter settings maxRetries=3; maxTransfers=50; pollTimeout=null
Nov-27 11:40:40.624 [main] DEBUG nextflow.util.ThreadPoolBuilder - Creating thread pool 'FileTransfer' minSize=10; maxSize=36; workQueue=LinkedBlockingQueue[-1]; allowCoreThreadTimeout=false
Nov-27 11:40:40.644 [main] DEBUG nextflow.cli.CmdRun - 
  Version: 25.10.0 build 10289
  Created: 22-10-2025 16:26 UTC 
  System: Linux 6.6.87.2-microsoft-standard-WSL2
  Runtime: Groovy 4.0.28 on OpenJDK 64-Bit Server VM 21.0.8+9-Ubuntu-0ubuntu124.04.1
  Encoding: UTF-8 (UTF-8)
  Process: 4229@Tabish [127.0.1.1]
  CPUs: 12 - Mem: 7.6 GB (6.5 GB) - Swap: 2 GB (2 GB)
Nov-27 11:40:40.719 [main] DEBUG nextflow.Session - Work-dir: /mnt/c/NonStop/genomics/work [v9fs]
Nov-27 11:40:40.721 [main] DEBUG nextflow.Session - Script base path does not exist or is not a directory: /mnt/c/NonStop/genomics/bin
Nov-27 11:40:40.732 [main] DEBUG nextflow.executor.ExecutorFactory - Extension executors providers=[]
Nov-27 11:40:40.745 [main] DEBUG nextflow.Session - Observer factory (v2): LinObserverFactory
Nov-27 11:40:40.749 [main] DEBUG nextflow.Session - Observer factory (v2): DefaultObserverFactory
Nov-27 11:40:40.825 [main] DEBUG nextflow.cache.CacheFactory - Using Nextflow cache factory: nextflow.cache.DefaultCacheFactory
Nov-27 11:40:40.841 [main] DEBUG nextflow.util.CustomThreadPool - Creating default thread pool > poolSize: 13; maxThreads: 1000
Nov-27 11:40:41.060 [main] DEBUG nextflow.Session - Session start
Nov-27 11:40:41.464 [main] DEBUG nextflow.script.ScriptRunner - > Launching execution
Nov-27 11:40:42.166 [main] DEBUG nextflow.executor.ExecutorFactory - << taskConfig executor: null
Nov-27 11:40:42.167 [main] DEBUG nextflow.executor.ExecutorFactory - >> processorType: 'local'
Nov-27 11:40:42.185 [main] DEBUG nextflow.executor.Executor - [warm up] executor > local
Nov-27 11:40:42.199 [main] DEBUG n.processor.LocalPollingMonitor - Creating local task monitor for executor 'local' > cpus=12; memory=7.6 GB; capacity=12; pollInterval=100ms; dumpInterval=5m
Nov-27 11:40:42.204 [main] DEBUG n.processor.TaskPollingMonitor - >>> barrier register (monitor: local)
Nov-27 11:40:42.240 [main] DEBUG nextflow.processor.TaskProcessor - Creating process 'SAMTOOLS_INDEX': maxForks=0; fair=false; array=0
Nov-27 11:40:42.297 [main] DEBUG nextflow.executor.ExecutorFactory - << taskConfig executor: null
Nov-27 11:40:42.298 [main] DEBUG nextflow.executor.ExecutorFactory - >> processorType: 'local'
Nov-27 11:40:42.303 [main] DEBUG nextflow.processor.TaskProcessor - Creating process 'GATK_HAPLOTYPECALLER': maxForks=0; fair=false; array=0
Nov-27 11:40:42.343 [main] DEBUG nextflow.executor.ExecutorFactory - << taskConfig executor: null
Nov-27 11:40:42.344 [main] DEBUG nextflow.executor.ExecutorFactory - >> processorType: 'local'
Nov-27 11:40:42.347 [main] DEBUG nextflow.processor.TaskProcessor - Creating process 'GATK_JOINTGENOTYPING': maxForks=0; fair=false; array=0
Nov-27 11:40:42.359 [main] DEBUG nextflow.Session - Workflow process names [dsl2]: GATK_JOINTGENOTYPING, GATK_HAPLOTYPECALLER, SAMTOOLS_INDEX
Nov-27 11:40:42.364 [main] DEBUG nextflow.Session - Igniting dataflow network (4)
Nov-27 11:40:42.376 [main] DEBUG nextflow.processor.TaskProcessor - Starting process > SAMTOOLS_INDEX
Nov-27 11:40:42.378 [main] DEBUG nextflow.processor.TaskProcessor - Starting process > GATK_HAPLOTYPECALLER
Nov-27 11:40:42.380 [main] DEBUG nextflow.processor.TaskProcessor - Starting process > GATK_JOINTGENOTYPING
Nov-27 11:40:42.397 [main] DEBUG nextflow.script.ScriptRunner - Parsed script files:
  Script_651ad4334e8706a6: /mnt/c/NonStop/genomics/modules/gatk/jointgenotyping/main.nf
  Script_774be9247474e345: /mnt/c/NonStop/genomics/modules/gatk/haplotypecaller/main.nf
  Script_205d62ebc222ccc7: /mnt/c/NonStop/genomics/pipeline.nf
  Script_8bac7027b5c50552: /mnt/c/NonStop/genomics/modules/samtools/index/main.nf
Nov-27 11:40:42.398 [main] DEBUG nextflow.script.ScriptRunner - > Awaiting termination 
Nov-27 11:40:42.399 [main] DEBUG nextflow.Session - Session await
Nov-27 11:40:42.723 [Task submitter] DEBUG n.executor.local.LocalTaskHandler - Launch cmd line: /bin/bash -ue .command.run
Nov-27 11:40:42.727 [Task submitter] INFO  nextflow.Session - [f8/9446ff] Submitted process > SAMTOOLS_INDEX (2)
Nov-27 11:40:42.763 [Task submitter] DEBUG n.executor.local.LocalTaskHandler - Launch cmd line: /bin/bash -ue .command.run
Nov-27 11:40:42.765 [Task submitter] INFO  nextflow.Session - [cb/05cfbb] Submitted process > SAMTOOLS_INDEX (3)
Nov-27 11:40:42.791 [Task submitter] DEBUG n.executor.local.LocalTaskHandler - Launch cmd line: /bin/bash -ue .command.run
Nov-27 11:40:42.794 [Task submitter] INFO  nextflow.Session - [92/fcef3c] Submitted process > SAMTOOLS_INDEX (1)
Nov-27 11:40:43.634 [Task monitor] DEBUG n.processor.TaskPollingMonitor - Task completed > TaskHandler[id: 2; name: SAMTOOLS_INDEX (2); status: COMPLETED; exit: 0; error: -; workDir: /mnt/c/NonStop/genomics/work/f8/9446ff5feb0dc7b95819a7eb886f35]
Nov-27 11:40:43.637 [Task monitor] DEBUG nextflow.util.ThreadPoolBuilder - Creating thread pool 'TaskFinalizer' minSize=10; maxSize=36; workQueue=LinkedBlockingQueue[-1]; allowCoreThreadTimeout=false
Nov-27 11:40:43.672 [Task monitor] DEBUG n.processor.TaskPollingMonitor - Task completed > TaskHandler[id: 3; name: SAMTOOLS_INDEX (3); status: COMPLETED; exit: 0; error: -; workDir: /mnt/c/NonStop/genomics/work/cb/05cfbb6baaf596da1853524d747a27]
Nov-27 11:40:43.693 [TaskFinalizer-1] DEBUG nextflow.util.ThreadPoolBuilder - Creating thread pool 'PublishDir' minSize=10; maxSize=36; workQueue=LinkedBlockingQueue[-1]; allowCoreThreadTimeout=false
Nov-27 11:40:43.727 [Task monitor] DEBUG n.processor.TaskPollingMonitor - Task completed > TaskHandler[id: 1; name: SAMTOOLS_INDEX (1); status: COMPLETED; exit: 0; error: -; workDir: /mnt/c/NonStop/genomics/work/92/fcef3ca9c6080caba0a410da01df52]
Nov-27 11:40:43.800 [Task submitter] DEBUG n.executor.local.LocalTaskHandler - Launch cmd line: /bin/bash -ue .command.run
Nov-27 11:40:43.803 [Task submitter] INFO  nextflow.Session - [97/354dc1] Submitted process > GATK_HAPLOTYPECALLER (2)
Nov-27 11:40:43.827 [Task submitter] DEBUG n.executor.local.LocalTaskHandler - Launch cmd line: /bin/bash -ue .command.run
Nov-27 11:40:43.837 [Task submitter] INFO  nextflow.Session - [00/5e9ab3] Submitted process > GATK_HAPLOTYPECALLER (1)
Nov-27 11:40:43.854 [Task submitter] DEBUG n.executor.local.LocalTaskHandler - Launch cmd line: /bin/bash -ue .command.run
Nov-27 11:40:43.855 [Task submitter] INFO  nextflow.Session - [98/91988d] Submitted process > GATK_HAPLOTYPECALLER (3)
Nov-27 11:40:51.397 [Task monitor] DEBUG n.processor.TaskPollingMonitor - Task completed > TaskHandler[id: 6; name: GATK_HAPLOTYPECALLER (3); status: COMPLETED; exit: 0; error: -; workDir: /mnt/c/NonStop/genomics/work/98/91988d457dd99db9681a80816895a1]
Nov-27 11:40:51.483 [Task monitor] DEBUG n.processor.TaskPollingMonitor - Task completed > TaskHandler[id: 4; name: GATK_HAPLOTYPECALLER (1); status: COMPLETED; exit: 0; error: -; workDir: /mnt/c/NonStop/genomics/work/00/5e9ab3e644af9b311a33ba54146320]
Nov-27 11:40:51.538 [Task monitor] DEBUG n.processor.TaskPollingMonitor - Task completed > TaskHandler[id: 5; name: GATK_HAPLOTYPECALLER (2); status: COMPLETED; exit: 0; error: -; workDir: /mnt/c/NonStop/genomics/work/97/354dc1906446590ab01fb9efa69eaf]
Nov-27 11:40:51.753 [Task submitter] DEBUG n.executor.local.LocalTaskHandler - Launch cmd line: /bin/bash -ue .command.run
Nov-27 11:40:51.755 [Task submitter] INFO  nextflow.Session - [73/f0ca02] Submitted process > GATK_JOINTGENOTYPING
Nov-27 11:41:08.432 [Task monitor] DEBUG n.processor.TaskPollingMonitor - Task completed > TaskHandler[id: 7; name: GATK_JOINTGENOTYPING; status: COMPLETED; exit: 0; error: -; workDir: /mnt/c/NonStop/genomics/work/73/f0ca02e524cf8fe791b0fd1c5aa95a]
Nov-27 11:41:08.455 [main] DEBUG nextflow.Session - Session await > all processes finished
Nov-27 11:41:08.535 [Task monitor] DEBUG n.processor.TaskPollingMonitor - <<< barrier arrives (monitor: local) - terminating tasks monitor poll loop
Nov-27 11:41:08.538 [main] DEBUG nextflow.Session - Session await > all barriers passed
Nov-27 11:41:08.546 [main] DEBUG nextflow.util.ThreadPoolManager - Thread pool 'TaskFinalizer' shutdown completed (hard=false)
Nov-27 11:41:08.549 [main] DEBUG nextflow.util.ThreadPoolManager - Thread pool 'PublishDir' shutdown completed (hard=false)
Nov-27 11:41:08.569 [main] DEBUG n.trace.WorkflowStatsObserver - Workflow completed > WorkflowStats[succeededCount=7; failedCount=0; ignoredCount=0; cachedCount=0; pendingCount=0; submittedCount=0; runningCount=0; retriesCount=0; abortedCount=0; succeedDuration=41.9s; failedDuration=0ms; cachedDuration=0ms;loadCpus=0; loadMemory=0; peakRunning=3; peakCpus=3; peakMemory=0; ]
Nov-27 11:41:08.629 [main] DEBUG nextflow.cache.CacheDB - Closing CacheDB done
Nov-27 11:41:08.680 [main] DEBUG nextflow.util.ThreadPoolManager - Thread pool 'FileTransfer' shutdown completed (hard=false)
Nov-27 11:41:08.682 [main] DEBUG nextflow.script.ScriptRunner - > Execution complete -- Goodbye
